Arguments: 
  D:\Program Files\nodejs\node.exe D:\Program Files (x86)\Yarn\New Folder\bin\yarn.js add vuepress-theme-melodydl

PATH: 
  C:\Program Files (x86)\Common Files\Oracle\Java\javapath;C:\Windows\system32;C:\Windows;C:\Windows\System32\Wbem;C:\Windows\System32\WindowsPowerShell\v1.0\;C:\Windows\System32\OpenSSH\;C:\Program Files (x86)\NVIDIA Corporation\PhysX\Common;C:\Program Files\NVIDIA Corporation\NVIDIA NGX;C:\Program Files\Git\cmd;D:\DevelopTools\java\1.8\jdk\bin;D:\DevelopTools\java\1.8\jdk\jre\bin;D:\QuickStart;;C:\WINDOWS\system32;C:\WINDOWS;C:\WINDOWS\System32\Wbem;C:\WINDOWS\System32\WindowsPowerShell\v1.0\;C:\WINDOWS\System32\OpenSSH\;C:\Program Files (x86)\Windows Kits\10\Windows Performance Toolkit\;C:\Program Files (x86)\Microsoft SQL Server\110\Tools\Binn\;C:\Program Files\Microsoft SQL Server\110\Tools\Binn\;C:\Program Files\Microsoft SQL Server\110\DTS\Binn\;C:\Program Files (x86)\Microsoft SQL Server\110\Tools\Binn\ManagementStudio\;C:\Program Files (x86)\Microsoft Visual Studio 10.0\Common7\IDE\PrivateAssemblies\;C:\Program Files (x86)\Microsoft SQL Server\110\DTS\Binn\;C:\WINDOWS\system32;C:\WINDOWS;C:\WINDOWS\System32\Wbem;C:\WINDOWS\System32\WindowsPowerShell\v1.0\;C:\WINDOWS\System32\OpenSSH\;D:\Program Files\nodejs\;D:\Program Files (x86)\Yarn\New Folder\bin\;D:\DevelopTools\xftp7\;D:\DevelopTools\Xshell7\;D:\DevelopTools\Anaconda3;D:\DevelopTools\Anaconda3\Library\mingw-w64\bin;D:\DevelopTools\Anaconda3\Library\usr\bin;D:\DevelopTools\Anaconda3\Library\bin;D:\DevelopTools\Anaconda3\Scripts;C:\Users\DELL\AppData\Local\Microsoft\WindowsApps;D:\DevelopTools\Microsoft VS Code\bin;C:\Users\DELL\AppData\Roaming\npm;C:\Users\DELL\AppData\Local\Yarn\bin;D:\DevelopTools\mysql-5.7.19-winx64\bin;

Yarn version: 
  1.22.5

Node version: 
  14.17.3

Platform: 
  win32 x64

Trace: 
  Error: ENOENT: no such file or directory, copyfile 'C:\Users\DELL\AppData\Local\Yarn\Cache\v6\npm-is-extendable-1.0.1-a7470f9e426733d81bd81e1155264e3a3507cab4-integrity\node_modules\is-extendable\index.d.ts' -> 'D:\vuepress\vuepress-blog\vuepress\node_modules\micromatch\node_modules\is-extendable\index.d.ts'

npm manifest: 
  {
    "name": "vuepress-blog",
    "version": "1.0.0",
    "description": "",
    "main": "index.js",
    "scripts": {
      "test": "echo \"Error: no test specified\" && exit 1"
    },
    "keywords": [],
    "author": "",
    "license": "ISC",
    "dependencies": {
      "mermaid": "^8.11.4"
    }
  }

yarn manifest: 
  No manifest

Lockfile: 
  No lockfile
